<?xml version='1.0' encoding='UTF-8'?>
<testsuite hostname="priyo-81bg" name="todo.data.BijectionSuite" tests="7" errors="0" failures="0" skipped="0" time="0.137" timestamp="2021-10-20T13:44:57">
          <properties>
[...]
</properties>
          <testcase classname="todo.data.BijectionSuite" name="Task" time="0.122">
                      
                    </testcase><testcase classname="todo.data.BijectionSuite" name="Task-1" time="0.008">
                      
                    </testcase><testcase classname="todo.data.BijectionSuite" name="Tag" time="0.0">
                      
                    </testcase><testcase classname="todo.data.BijectionSuite" name="State:Active" time="0.0">
                      
                    </testcase><testcase classname="todo.data.BijectionSuite" name="State:Completed" time="0.001">
                      
                    </testcase><testcase classname="todo.data.BijectionSuite" name="Id" time="0.001">
                      
                    </testcase><testcase classname="todo.data.BijectionSuite" name="Tasks" time="0.005">
                      
                    </testcase>
          <system-out><![CDATA[]]></system-out>
          <system-err><![CDATA[]]></system-err>
        </testsuite>